22:18:51,352 INFO  [org.jboss.modules] (main) JBoss Modules version 1.3.6.Final-redhat-1
22:18:53,812 INFO  [org.jboss.msc] (main) JBoss MSC version 1.1.5.Final-redhat-1
22:18:54,027 INFO  [org.jboss.as] (MSC service thread 1-5) JBAS015899: JBoss EAP 6.4.0.GA (AS 7.5.0.Final-redhat-21) starting
22:18:54,066 DEBUG [org.jboss.as.config] (MSC service thread 1-5) Configured system properties:
	awt.toolkit = sun.awt.windows.WToolkit
	file.encoding = Cp1252
	file.encoding.pkg = sun.io
	file.separator = \
	java.awt.graphicsenv = sun.awt.Win32GraphicsEnvironment
	java.awt.printerjob = sun.awt.windows.WPrinterJob
	java.class.path = C:\Users\IBM_ADMIN\Downloads\jboss-eap-6.4.0\jboss-eap-6.4\jboss-modules.jar
	java.class.version = 52.0
	java.endorsed.dirs = C:\Program Files\Java\jre1.8.0_51\lib\endorsed
	java.ext.dirs = C:\Program Files\Java\jre1.8.0_51\lib\ext;C:\windows\Sun\Java\lib\ext
	java.home = C:\Program Files\Java\jre1.8.0_51
	java.io.tmpdir = C:\Users\IBM_AD~1\AppData\Local\Temp\
	java.library.path = C:\ProgramData\Oracle\Java\javapath;C:\windows\Sun\Java\bin;C:\windows\system32;C:\windows;C:\tools\ruby23\bin;C:\ProgramData\Oracle\Java\javapath;C:\Program Files (x86)\Common Files\NetSarang;C:\windows\system32;C:\windows;C:\windows\System32\Wbem;C:\windows\System32\WindowsPowerShell\v1.0\;C:\Program Files\IBM\Infoprint Select;C:\Program Files\ThinkPad\Bluetooth Software\;C:\Program Files\ThinkPad\Bluetooth Software\syswow64;C:\Program Files\Broadcom\WHL\;C:\Program Files\Broadcom\WHL\syswow64;C:\Program Files\Broadcom\WHL\SysWow64\;C:\Program Files\Broadcom\WHL\SysWow64\syswow64;C:\Program Files\Intel\WiFi\bin\;C:\Program Files\Common Files\Intel\WirelessCommon\;C:\Program Files (x86)\Lenovo\Access Connections\;C:\Program Files (x86)\Common Files\Roxio Shared\DLLShared\;C:\Program Files (x86)\Common Files\Roxio Shared\13.0\DLLShared\;C:\installation\Python32;C:\Program Files (x86)\IBM\Personal Communications\;C:\Program Files (x86)\IBM\Trace Facility\;C:\Program Files (x86)\Heroku\bin;C:\Program Files (x86)\git\cmd;C:\Program Files (x86)\Skype\Phone\;C:\ProgramData\chocolatey\bin;C:\HashiCorp\Vagrant\bin;C:\Program Files\Intel\WiFi\bin\;C:\Program Files\Common Files\Intel\WirelessCommon\;C:\Python23;C:\Python23\Lib\site-packages\;C:\installation\Python32\Scripts;;C:\installation\Docker Toolbox;.
	java.net.preferIPv4Stack = true
	java.runtime.name = Java(TM) SE Runtime Environment
	java.runtime.version = 1.8.0_51-b16
	java.specification.name = Java Platform API Specification
	java.specification.vendor = Oracle Corporation
	java.specification.version = 1.8
	java.util.logging.manager = org.jboss.logmanager.LogManager
	java.vendor = Oracle Corporation
	java.vendor.url = http://java.oracle.com/
	java.vendor.url.bug = http://bugreport.sun.com/bugreport/
	java.version = 1.8.0_51
	java.vm.info = mixed mode
	java.vm.name = Java HotSpot(TM) 64-Bit Server VM
	java.vm.specification.name = Java Virtual Machine Specification
	java.vm.specification.vendor = Oracle Corporation
	java.vm.specification.version = 1.8
	java.vm.vendor = Oracle Corporation
	java.vm.version = 25.51-b03
	javax.management.builder.initial = org.jboss.as.jmx.PluggableMBeanServerBuilder
	javax.xml.datatype.DatatypeFactory = __redirected.__DatatypeFactory
	javax.xml.parsers.DocumentBuilderFactory = __redirected.__DocumentBuilderFactory
	javax.xml.parsers.SAXParserFactory = __redirected.__SAXParserFactory
	javax.xml.stream.XMLEventFactory = __redirected.__XMLEventFactory
	javax.xml.stream.XMLInputFactory = __redirected.__XMLInputFactory
	javax.xml.stream.XMLOutputFactory = __redirected.__XMLOutputFactory
	javax.xml.transform.TransformerFactory = __redirected.__TransformerFactory
	javax.xml.validation.SchemaFactory:http://www.w3.org/2001/XMLSchema = __redirected.__SchemaFactory
	javax.xml.xpath.XPathFactory:http://java.sun.com/jaxp/xpath/dom = __redirected.__XPathFactory
	jboss.home.dir = C:\Users\IBM_ADMIN\Downloads\jboss-eap-6.4.0\jboss-eap-6.4
	jboss.host.name = ibm-pbm408z
	jboss.modules.dir = C:\Users\IBM_ADMIN\Downloads\jboss-eap-6.4.0\jboss-eap-6.4\modules
	jboss.modules.policy-permissions = true
	jboss.modules.system.pkgs = org.jboss.byteman
	jboss.node.name = ibm-pbm408z
	jboss.qualified.host.name = ibm-pbm408z
	jboss.server.base.dir = C:\Users\IBM_ADMIN\Downloads\jboss-eap-6.4.0\jboss-eap-6.4\standalone
	jboss.server.config.dir = C:\Users\IBM_ADMIN\Downloads\jboss-eap-6.4.0\jboss-eap-6.4\standalone\configuration
	jboss.server.data.dir = C:\Users\IBM_ADMIN\Downloads\jboss-eap-6.4.0\jboss-eap-6.4\standalone\data
	jboss.server.deploy.dir = C:\Users\IBM_ADMIN\Downloads\jboss-eap-6.4.0\jboss-eap-6.4\standalone\data\content
	jboss.server.log.dir = C:\Users\IBM_ADMIN\Downloads\jboss-eap-6.4.0\jboss-eap-6.4\standalone\log
	jboss.server.name = ibm-pbm408z
	jboss.server.persist.config = true
	jboss.server.temp.dir = C:\Users\IBM_ADMIN\Downloads\jboss-eap-6.4.0\jboss-eap-6.4\standalone\tmp
	line.separator = 

	logging.configuration = file:C:\Users\IBM_ADMIN\Downloads\jboss-eap-6.4.0\jboss-eap-6.4\standalone\configuration/logging.properties
	module.path = C:\Users\IBM_ADMIN\Downloads\jboss-eap-6.4.0\jboss-eap-6.4\modules
	org.jboss.boot.log.file = C:\Users\IBM_ADMIN\Downloads\jboss-eap-6.4.0\jboss-eap-6.4\standalone\log\server.log
	org.jboss.resolver.warning = true
	org.xml.sax.driver = __redirected.__XMLReaderFactory
	os.arch = amd64
	os.name = Windows 7
	os.version = 6.1
	path.separator = ;
	program.name = standalone.bat
	sun.arch.data.model = 64
	sun.boot.class.path = C:\Program Files\Java\jre1.8.0_51\lib\resources.jar;C:\Program Files\Java\jre1.8.0_51\lib\rt.jar;C:\Program Files\Java\jre1.8.0_51\lib\sunrsasign.jar;C:\Program Files\Java\jre1.8.0_51\lib\jsse.jar;C:\Program Files\Java\jre1.8.0_51\lib\jce.jar;C:\Program Files\Java\jre1.8.0_51\lib\charsets.jar;C:\Program Files\Java\jre1.8.0_51\lib\jfr.jar;C:\Program Files\Java\jre1.8.0_51\classes
	sun.boot.library.path = C:\Program Files\Java\jre1.8.0_51\bin
	sun.cpu.endian = little
	sun.cpu.isalist = amd64
	sun.desktop = windows
	sun.io.unicode.encoding = UnicodeLittle
	sun.java.command = C:\Users\IBM_ADMIN\Downloads\jboss-eap-6.4.0\jboss-eap-6.4\jboss-modules.jar -mp C:\Users\IBM_ADMIN\Downloads\jboss-eap-6.4.0\jboss-eap-6.4\modules -jaxpmodule javax.xml.jaxp-provider org.jboss.as.standalone -Djboss.home.dir=C:\Users\IBM_ADMIN\Downloads\jboss-eap-6.4.0\jboss-eap-6.4
	sun.java.launcher = SUN_STANDARD
	sun.jnu.encoding = Cp1252
	sun.management.compiler = HotSpot 64-Bit Tiered Compilers
	sun.os.patch.level = Service Pack 1
	sun.stderr.encoding = cp437
	sun.stdout.encoding = cp437
	user.country = US
	user.dir = C:\Users\IBM_ADMIN\Downloads\jboss-eap-6.4.0\jboss-eap-6.4\bin
	user.home = C:\Users\IBM_ADMIN
	user.language = en
	user.name = pratap_ibm
	user.script = 
	user.timezone = Asia/Singapore
	user.variant = 
22:18:54,068 DEBUG [org.jboss.as.config] (MSC service thread 1-5) VM Arguments: -Xloggc:C:\Users\IBM_ADMIN\Downloads\jboss-eap-6.4.0\jboss-eap-6.4\standalone\log\gc.log -verbose:gc -XX:+PrintGCDetails -XX:+PrintGCDateStamps -XX:+UseGCLogFileRotation -XX:NumberOfGCLogFiles=5 -XX:GCLogFileSize=3M -XX:-TraceClassUnloading -XX:+UseCompressedOops -Dprogram.name=standalone.bat -Xms1G -Xmx1G -XX:MaxPermSize=256M -Djava.net.preferIPv4Stack=true -Djboss.modules.policy-permissions=true -Djboss.modules.system.pkgs=org.jboss.byteman -Dorg.jboss.boot.log.file=C:\Users\IBM_ADMIN\Downloads\jboss-eap-6.4.0\jboss-eap-6.4\standalone\log\server.log -Dlogging.configuration=file:C:\Users\IBM_ADMIN\Downloads\jboss-eap-6.4.0\jboss-eap-6.4\standalone\configuration/logging.properties 
22:19:03,290 INFO  [org.jboss.as.server] (Controller Boot Thread) JBAS015888: Creating http management service using socket-binding (management-http)
22:19:03,304 INFO  [org.xnio] (MSC service thread 1-8) XNIO Version 3.0.13.GA-redhat-1
22:19:03,365 INFO  [org.xnio.nio] (MSC service thread 1-8) XNIO NIO Implementation Version 3.0.13.GA-redhat-1
22:19:03,549 INFO  [org.jboss.as.security] (ServerService Thread Pool -- 44) JBAS013371: Activating Security Subsystem
22:19:03,631 INFO  [org.jboss.as.naming] (ServerService Thread Pool -- 39) JBAS011800: Activating Naming Subsystem
22:19:03,649 INFO  [org.jboss.as.clustering.infinispan] (ServerService Thread Pool -- 31) JBAS010280: Activating Infinispan subsystem.
22:19:03,547 WARN  [org.jboss.as.txn] (ServerService Thread Pool -- 46) JBAS010153: Node identifier property is set to the default value. Please make sure it is unique.
22:19:03,690 INFO  [org.jboss.as.webservices] (ServerService Thread Pool -- 48) JBAS015537: Activating WebServices Extension
22:19:03,734 INFO  [org.jboss.as.jsf] (ServerService Thread Pool -- 37) JBAS012615: Activated the following JSF Implementations: [main, 1.2]
22:19:03,778 INFO  [org.jboss.as.security] (MSC service thread 1-7) JBAS013370: Current PicketBox version=4.1.1.Final-redhat-1
22:19:03,929 INFO  [org.jboss.as.connector.logging] (MSC service thread 1-2) JBAS010408: Starting JCA Subsystem (IronJacamar 1.0.31.Final-redhat-1)
22:19:07,383 INFO  [org.jboss.as.naming] (MSC service thread 1-1) JBAS011802: Starting Naming Service
22:19:07,384 INFO  [org.jboss.as.mail.extension] (MSC service thread 1-7) JBAS015400: Bound mail session [java:jboss/mail/Default]
22:19:07,491 INFO  [org.jboss.as.connector.subsystems.datasources] (ServerService Thread Pool -- 27) JBAS010403: Deploying JDBC-compliant driver class org.h2.Driver (version 1.3)
22:19:09,225 INFO  [org.apache.coyote.http11.Http11Protocol] (MSC service thread 1-5) JBWEB003001: Coyote HTTP/1.1 initializing on : http-/127.0.0.1:8080
22:19:09,345 INFO  [org.apache.coyote.http11.Http11Protocol] (MSC service thread 1-5) JBWEB003000: Coyote HTTP/1.1 starting on: http-/127.0.0.1:8080
22:19:10,552 INFO  [org.jboss.remoting] (MSC service thread 1-8) JBoss Remoting version 3.3.4.Final-redhat-1
22:19:11,319 INFO  [org.jboss.as.connector.subsystems.datasources] (MSC service thread 1-6) JBAS010400: Bound data source [java:jboss/datasources/ExampleDS]
22:19:13,395 INFO  [org.jboss.as.server.deployment.scanner] (MSC service thread 1-4) JBAS015012: Started FileSystemDeploymentService for directory C:\Users\IBM_ADMIN\Downloads\jboss-eap-6.4.0\jboss-eap-6.4\standalone\deployments
22:19:13,422 ERROR [org.jboss.msc.service.fail] (MSC service thread 1-8) MSC000001: Failed to start service jboss.serverManagement.controller.management.http: org.jboss.msc.service.StartException in service jboss.serverManagement.controller.management.http: Address already in use: bind /127.0.0.1:9990
	at org.jboss.as.server.mgmt.HttpManagementService.start(HttpManagementService.java:227) [jboss-as-server-7.5.0.Final-redhat-21.jar:7.5.0.Final-redhat-21]
	at org.jboss.msc.service.ServiceControllerImpl$StartTask.startService(ServiceControllerImpl.java:1980) [jboss-msc-1.1.5.Final-redhat-1.jar:1.1.5.Final-redhat-1]
	at org.jboss.msc.service.ServiceControllerImpl$StartTask.run(ServiceControllerImpl.java:1913) [jboss-msc-1.1.5.Final-redhat-1.jar:1.1.5.Final-redhat-1]
	at java.util.concurrent.ThreadPoolExecutor.runWorker(Unknown Source) [rt.jar:1.8.0_51]
	at java.util.concurrent.ThreadPoolExecutor$Worker.run(Unknown Source) [rt.jar:1.8.0_51]
	at java.lang.Thread.run(Unknown Source) [rt.jar:1.8.0_51]
Caused by: java.net.BindException: Address already in use: bind
	at sun.nio.ch.Net.bind0(Native Method) [rt.jar:1.8.0_51]
	at sun.nio.ch.Net.bind(Unknown Source) [rt.jar:1.8.0_51]
	at sun.nio.ch.Net.bind(Unknown Source) [rt.jar:1.8.0_51]
	at sun.nio.ch.ServerSocketChannelImpl.bind(Unknown Source) [rt.jar:1.8.0_51]
	at sun.nio.ch.ServerSocketAdaptor.bind(Unknown Source) [rt.jar:1.8.0_51]
	at org.jboss.sun.net.httpserver.ServerImpl.<init>(ServerImpl.java:144)
	at org.jboss.sun.net.httpserver.HttpServerImpl.<init>(HttpServerImpl.java:54)
	at org.jboss.sun.net.httpserver.DefaultHttpServerProvider.createHttpServer(DefaultHttpServerProvider.java:38)
	at org.jboss.com.sun.net.httpserver.HttpServer.create(HttpServer.java:147)
	at org.jboss.as.domain.http.server.ManagementHttpServer.create(ManagementHttpServer.java:168) [jboss-as-domain-http-interface-7.5.0.Final-redhat-21.jar:7.5.0.Final-redhat-21]
	at org.jboss.as.server.mgmt.HttpManagementService.start(HttpManagementService.java:193) [jboss-as-server-7.5.0.Final-redhat-21.jar:7.5.0.Final-redhat-21]
	... 5 more

22:19:13,507 INFO  [org.jboss.as.remoting] (MSC service thread 1-6) JBAS017100: Listening on 127.0.0.1:9999
22:19:13,507 INFO  [org.jboss.as.remoting] (MSC service thread 1-1) JBAS017100: Listening on 127.0.0.1:4447
22:19:14,023 INFO  [org.jboss.ws.common.management] (MSC service thread 1-2) JBWS022052: Starting JBoss Web Services - Stack CXF Server 4.3.4.Final-redhat-1
22:19:14,030 ERROR [org.jboss.as.controller.management-operation] (Controller Boot Thread) JBAS014612: Operation ("add") failed - address: ([
    ("core-service" => "management"),
    ("management-interface" => "http-interface")
]) - failure description: {"JBAS014671: Failed services" => {"jboss.serverManagement.controller.management.http" => "org.jboss.msc.service.StartException in service jboss.serverManagement.controller.management.http: Address already in use: bind /127.0.0.1:9990
    Caused by: java.net.BindException: Address already in use: bind"}}
22:19:14,135 INFO  [org.jboss.as.controller] (Controller Boot Thread) JBAS014774: Service status report
JBAS014777:   Services which failed to start:      service jboss.serverManagement.controller.management.http: org.jboss.msc.service.StartException in service jboss.serverManagement.controller.management.http: Address already in use: bind /127.0.0.1:9990

22:19:14,269 INFO  [org.jboss.as] (Controller Boot Thread) JBAS015964: Http management interface is not enabled
22:19:14,270 INFO  [org.jboss.as] (Controller Boot Thread) JBAS015954: Admin console is not enabled
22:19:14,271 ERROR [org.jboss.as] (Controller Boot Thread) JBAS015875: JBoss EAP 6.4.0.GA (AS 7.5.0.Final-redhat-21) started (with errors) in 26002ms - Started 151 of 191 services (2 services failed or missing dependencies, 57 services are lazy, passive or on-demand)
22:31:25,792 INFO  [org.jboss.as.connector.subsystems.datasources] (MSC service thread 1-1) JBAS010409: Unbound data source [java:jboss/datasources/ExampleDS]
22:31:25,827 INFO  [org.apache.coyote.http11.Http11Protocol] (MSC service thread 1-2) JBWEB003075: Coyote HTTP/1.1 pausing on: http-/127.0.0.1:8080
22:31:25,828 INFO  [org.apache.coyote.http11.Http11Protocol] (MSC service thread 1-2) JBWEB003077: Coyote HTTP/1.1 stopping on : http-/127.0.0.1:8080
22:31:25,850 INFO  [org.jboss.as] (MSC service thread 1-6) JBAS015950: JBoss EAP 6.4.0.GA (AS 7.5.0.Final-redhat-21) stopped in 88ms
22:31:45,977 INFO  [org.jboss.modules] (main) JBoss Modules version 1.3.6.Final-redhat-1
22:31:46,488 INFO  [org.jboss.msc] (main) JBoss MSC version 1.1.5.Final-redhat-1
22:31:46,593 INFO  [org.jboss.as] (MSC service thread 1-6) JBAS015899: JBoss EAP 6.4.0.GA (AS 7.5.0.Final-redhat-21) starting
22:31:46,602 DEBUG [org.jboss.as.config] (MSC service thread 1-6) Configured system properties:
	awt.toolkit = sun.awt.windows.WToolkit
	file.encoding = Cp1252
	file.encoding.pkg = sun.io
	file.separator = \
	java.awt.graphicsenv = sun.awt.Win32GraphicsEnvironment
	java.awt.printerjob = sun.awt.windows.WPrinterJob
	java.class.path = C:\Users\IBM_ADMIN\Downloads\jboss-eap-6.4.0\jboss-eap-6.4\jboss-modules.jar
	java.class.version = 52.0
	java.endorsed.dirs = C:\Program Files\Java\jre1.8.0_51\lib\endorsed
	java.ext.dirs = C:\Program Files\Java\jre1.8.0_51\lib\ext;C:\windows\Sun\Java\lib\ext
	java.home = C:\Program Files\Java\jre1.8.0_51
	java.io.tmpdir = C:\Users\IBM_AD~1\AppData\Local\Temp\
	java.library.path = C:\ProgramData\Oracle\Java\javapath;C:\windows\Sun\Java\bin;C:\windows\system32;C:\windows;C:\tools\ruby23\bin;C:\ProgramData\Oracle\Java\javapath;C:\Program Files (x86)\Common Files\NetSarang;C:\windows\system32;C:\windows;C:\windows\System32\Wbem;C:\windows\System32\WindowsPowerShell\v1.0\;C:\Program Files\IBM\Infoprint Select;C:\Program Files\ThinkPad\Bluetooth Software\;C:\Program Files\ThinkPad\Bluetooth Software\syswow64;C:\Program Files\Broadcom\WHL\;C:\Program Files\Broadcom\WHL\syswow64;C:\Program Files\Broadcom\WHL\SysWow64\;C:\Program Files\Broadcom\WHL\SysWow64\syswow64;C:\Program Files\Intel\WiFi\bin\;C:\Program Files\Common Files\Intel\WirelessCommon\;C:\Program Files (x86)\Lenovo\Access Connections\;C:\Program Files (x86)\Common Files\Roxio Shared\DLLShared\;C:\Program Files (x86)\Common Files\Roxio Shared\13.0\DLLShared\;C:\installation\Python32;C:\Program Files (x86)\IBM\Personal Communications\;C:\Program Files (x86)\IBM\Trace Facility\;C:\Program Files (x86)\Heroku\bin;C:\Program Files (x86)\git\cmd;C:\Program Files (x86)\Skype\Phone\;C:\ProgramData\chocolatey\bin;C:\HashiCorp\Vagrant\bin;C:\Program Files\Intel\WiFi\bin\;C:\Program Files\Common Files\Intel\WirelessCommon\;C:\Python23;C:\Python23\Lib\site-packages\;C:\installation\Python32\Scripts;;C:\installation\Docker Toolbox;.
	java.net.preferIPv4Stack = true
	java.runtime.name = Java(TM) SE Runtime Environment
	java.runtime.version = 1.8.0_51-b16
	java.specification.name = Java Platform API Specification
	java.specification.vendor = Oracle Corporation
	java.specification.version = 1.8
	java.util.logging.manager = org.jboss.logmanager.LogManager
	java.vendor = Oracle Corporation
	java.vendor.url = http://java.oracle.com/
	java.vendor.url.bug = http://bugreport.sun.com/bugreport/
	java.version = 1.8.0_51
	java.vm.info = mixed mode
	java.vm.name = Java HotSpot(TM) 64-Bit Server VM
	java.vm.specification.name = Java Virtual Machine Specification
	java.vm.specification.vendor = Oracle Corporation
	java.vm.specification.version = 1.8
	java.vm.vendor = Oracle Corporation
	java.vm.version = 25.51-b03
	javax.management.builder.initial = org.jboss.as.jmx.PluggableMBeanServerBuilder
	javax.xml.datatype.DatatypeFactory = __redirected.__DatatypeFactory
	javax.xml.parsers.DocumentBuilderFactory = __redirected.__DocumentBuilderFactory
	javax.xml.parsers.SAXParserFactory = __redirected.__SAXParserFactory
	javax.xml.stream.XMLEventFactory = __redirected.__XMLEventFactory
	javax.xml.stream.XMLInputFactory = __redirected.__XMLInputFactory
	javax.xml.stream.XMLOutputFactory = __redirected.__XMLOutputFactory
	javax.xml.transform.TransformerFactory = __redirected.__TransformerFactory
	javax.xml.validation.SchemaFactory:http://www.w3.org/2001/XMLSchema = __redirected.__SchemaFactory
	javax.xml.xpath.XPathFactory:http://java.sun.com/jaxp/xpath/dom = __redirected.__XPathFactory
	jboss.home.dir = C:\Users\IBM_ADMIN\Downloads\jboss-eap-6.4.0\jboss-eap-6.4
	jboss.host.name = ibm-pbm408z
	jboss.modules.dir = C:\Users\IBM_ADMIN\Downloads\jboss-eap-6.4.0\jboss-eap-6.4\modules
	jboss.modules.policy-permissions = true
	jboss.modules.system.pkgs = org.jboss.byteman
	jboss.node.name = ibm-pbm408z
	jboss.qualified.host.name = ibm-pbm408z
	jboss.server.base.dir = C:\Users\IBM_ADMIN\Downloads\jboss-eap-6.4.0\jboss-eap-6.4\standalone
	jboss.server.config.dir = C:\Users\IBM_ADMIN\Downloads\jboss-eap-6.4.0\jboss-eap-6.4\standalone\configuration
	jboss.server.data.dir = C:\Users\IBM_ADMIN\Downloads\jboss-eap-6.4.0\jboss-eap-6.4\standalone\data
	jboss.server.deploy.dir = C:\Users\IBM_ADMIN\Downloads\jboss-eap-6.4.0\jboss-eap-6.4\standalone\data\content
	jboss.server.log.dir = C:\Users\IBM_ADMIN\Downloads\jboss-eap-6.4.0\jboss-eap-6.4\standalone\log
	jboss.server.name = ibm-pbm408z
	jboss.server.persist.config = true
	jboss.server.temp.dir = C:\Users\IBM_ADMIN\Downloads\jboss-eap-6.4.0\jboss-eap-6.4\standalone\tmp
	line.separator = 

	logging.configuration = file:C:\Users\IBM_ADMIN\Downloads\jboss-eap-6.4.0\jboss-eap-6.4\standalone\configuration/logging.properties
	module.path = C:\Users\IBM_ADMIN\Downloads\jboss-eap-6.4.0\jboss-eap-6.4\modules
	org.jboss.boot.log.file = C:\Users\IBM_ADMIN\Downloads\jboss-eap-6.4.0\jboss-eap-6.4\standalone\log\server.log
	org.jboss.resolver.warning = true
	org.xml.sax.driver = __redirected.__XMLReaderFactory
	os.arch = amd64
	os.name = Windows 7
	os.version = 6.1
	path.separator = ;
	program.name = standalone.bat
	sun.arch.data.model = 64
	sun.boot.class.path = C:\Program Files\Java\jre1.8.0_51\lib\resources.jar;C:\Program Files\Java\jre1.8.0_51\lib\rt.jar;C:\Program Files\Java\jre1.8.0_51\lib\sunrsasign.jar;C:\Program Files\Java\jre1.8.0_51\lib\jsse.jar;C:\Program Files\Java\jre1.8.0_51\lib\jce.jar;C:\Program Files\Java\jre1.8.0_51\lib\charsets.jar;C:\Program Files\Java\jre1.8.0_51\lib\jfr.jar;C:\Program Files\Java\jre1.8.0_51\classes
	sun.boot.library.path = C:\Program Files\Java\jre1.8.0_51\bin
	sun.cpu.endian = little
	sun.cpu.isalist = amd64
	sun.desktop = windows
	sun.io.unicode.encoding = UnicodeLittle
	sun.java.command = C:\Users\IBM_ADMIN\Downloads\jboss-eap-6.4.0\jboss-eap-6.4\jboss-modules.jar -mp C:\Users\IBM_ADMIN\Downloads\jboss-eap-6.4.0\jboss-eap-6.4\modules -jaxpmodule javax.xml.jaxp-provider org.jboss.as.standalone -Djboss.home.dir=C:\Users\IBM_ADMIN\Downloads\jboss-eap-6.4.0\jboss-eap-6.4
	sun.java.launcher = SUN_STANDARD
	sun.jnu.encoding = Cp1252
	sun.management.compiler = HotSpot 64-Bit Tiered Compilers
	sun.os.patch.level = Service Pack 1
	sun.stderr.encoding = cp437
	sun.stdout.encoding = cp437
	user.country = US
	user.dir = C:\Users\IBM_ADMIN\Downloads\jboss-eap-6.4.0\jboss-eap-6.4\bin
	user.home = C:\Users\IBM_ADMIN
	user.language = en
	user.name = pratap_ibm
	user.script = 
	user.timezone = Asia/Singapore
	user.variant = 
22:31:46,605 DEBUG [org.jboss.as.config] (MSC service thread 1-6) VM Arguments: -Xloggc:C:\Users\IBM_ADMIN\Downloads\jboss-eap-6.4.0\jboss-eap-6.4\standalone\log\gc.log -verbose:gc -XX:+PrintGCDetails -XX:+PrintGCDateStamps -XX:+UseGCLogFileRotation -XX:NumberOfGCLogFiles=5 -XX:GCLogFileSize=3M -XX:-TraceClassUnloading -XX:+UseCompressedOops -Dprogram.name=standalone.bat -Xms1G -Xmx1G -XX:MaxPermSize=256M -Djava.net.preferIPv4Stack=true -Djboss.modules.policy-permissions=true -Djboss.modules.system.pkgs=org.jboss.byteman -Dorg.jboss.boot.log.file=C:\Users\IBM_ADMIN\Downloads\jboss-eap-6.4.0\jboss-eap-6.4\standalone\log\server.log -Dlogging.configuration=file:C:\Users\IBM_ADMIN\Downloads\jboss-eap-6.4.0\jboss-eap-6.4\standalone\configuration/logging.properties 
22:31:50,553 INFO  [org.jboss.as.server] (Controller Boot Thread) JBAS015888: Creating http management service using socket-binding (management-http)
22:31:50,570 INFO  [org.xnio] (MSC service thread 1-3) XNIO Version 3.0.13.GA-redhat-1
22:31:50,582 INFO  [org.xnio.nio] (MSC service thread 1-3) XNIO NIO Implementation Version 3.0.13.GA-redhat-1
22:31:50,706 INFO  [org.jboss.as.clustering.infinispan] (ServerService Thread Pool -- 31) JBAS010280: Activating Infinispan subsystem.
22:31:50,741 WARN  [org.jboss.as.txn] (ServerService Thread Pool -- 46) JBAS010153: Node identifier property is set to the default value. Please make sure it is unique.
22:31:50,771 INFO  [org.jboss.as.security] (ServerService Thread Pool -- 44) JBAS013371: Activating Security Subsystem
22:31:50,792 INFO  [org.jboss.as.jsf] (ServerService Thread Pool -- 37) JBAS012615: Activated the following JSF Implementations: [main, 1.2]
22:31:50,890 INFO  [org.jboss.as.webservices] (ServerService Thread Pool -- 48) JBAS015537: Activating WebServices Extension
22:31:51,036 INFO  [org.jboss.as.naming] (ServerService Thread Pool -- 39) JBAS011800: Activating Naming Subsystem
22:31:51,123 INFO  [org.jboss.as.security] (MSC service thread 1-7) JBAS013370: Current PicketBox version=4.1.1.Final-redhat-1
22:31:51,264 INFO  [org.jboss.remoting] (MSC service thread 1-6) JBoss Remoting version 3.3.4.Final-redhat-1
22:31:51,657 INFO  [org.jboss.as.connector.logging] (MSC service thread 1-7) JBAS010408: Starting JCA Subsystem (IronJacamar 1.0.31.Final-redhat-1)
22:31:51,683 INFO  [org.jboss.as.naming] (MSC service thread 1-1) JBAS011802: Starting Naming Service
22:31:51,710 INFO  [org.jboss.as.mail.extension] (MSC service thread 1-1) JBAS015400: Bound mail session [java:jboss/mail/Default]
22:31:52,033 INFO  [org.jboss.as.connector.subsystems.datasources] (ServerService Thread Pool -- 27) JBAS010403: Deploying JDBC-compliant driver class org.h2.Driver (version 1.3)
22:31:52,647 INFO  [org.apache.coyote.http11.Http11Protocol] (MSC service thread 1-7) JBWEB003001: Coyote HTTP/1.1 initializing on : http-/127.0.0.1:8080
22:31:52,666 INFO  [org.apache.coyote.http11.Http11Protocol] (MSC service thread 1-7) JBWEB003000: Coyote HTTP/1.1 starting on: http-/127.0.0.1:8080
22:31:52,899 INFO  [org.jboss.ws.common.management] (MSC service thread 1-4) JBWS022052: Starting JBoss Web Services - Stack CXF Server 4.3.4.Final-redhat-1
22:31:52,906 INFO  [org.jboss.as.server.deployment.scanner] (MSC service thread 1-2) JBAS015012: Started FileSystemDeploymentService for directory C:\Users\IBM_ADMIN\Downloads\jboss-eap-6.4.0\jboss-eap-6.4\standalone\deployments
22:31:52,941 INFO  [org.jboss.as.remoting] (MSC service thread 1-8) JBAS017100: Listening on 127.0.0.1:9999
22:31:52,941 INFO  [org.jboss.as.remoting] (MSC service thread 1-6) JBAS017100: Listening on 127.0.0.1:4447
22:31:52,962 ERROR [org.jboss.msc.service.fail] (MSC service thread 1-7) MSC000001: Failed to start service jboss.serverManagement.controller.management.http: org.jboss.msc.service.StartException in service jboss.serverManagement.controller.management.http: Address already in use: bind /127.0.0.1:9990
	at org.jboss.as.server.mgmt.HttpManagementService.start(HttpManagementService.java:227) [jboss-as-server-7.5.0.Final-redhat-21.jar:7.5.0.Final-redhat-21]
	at org.jboss.msc.service.ServiceControllerImpl$StartTask.startService(ServiceControllerImpl.java:1980) [jboss-msc-1.1.5.Final-redhat-1.jar:1.1.5.Final-redhat-1]
	at org.jboss.msc.service.ServiceControllerImpl$StartTask.run(ServiceControllerImpl.java:1913) [jboss-msc-1.1.5.Final-redhat-1.jar:1.1.5.Final-redhat-1]
	at java.util.concurrent.ThreadPoolExecutor.runWorker(Unknown Source) [rt.jar:1.8.0_51]
	at java.util.concurrent.ThreadPoolExecutor$Worker.run(Unknown Source) [rt.jar:1.8.0_51]
	at java.lang.Thread.run(Unknown Source) [rt.jar:1.8.0_51]
Caused by: java.net.BindException: Address already in use: bind
	at sun.nio.ch.Net.bind0(Native Method) [rt.jar:1.8.0_51]
	at sun.nio.ch.Net.bind(Unknown Source) [rt.jar:1.8.0_51]
	at sun.nio.ch.Net.bind(Unknown Source) [rt.jar:1.8.0_51]
	at sun.nio.ch.ServerSocketChannelImpl.bind(Unknown Source) [rt.jar:1.8.0_51]
	at sun.nio.ch.ServerSocketAdaptor.bind(Unknown Source) [rt.jar:1.8.0_51]
	at org.jboss.sun.net.httpserver.ServerImpl.<init>(ServerImpl.java:144)
	at org.jboss.sun.net.httpserver.HttpServerImpl.<init>(HttpServerImpl.java:54)
	at org.jboss.sun.net.httpserver.DefaultHttpServerProvider.createHttpServer(DefaultHttpServerProvider.java:38)
	at org.jboss.com.sun.net.httpserver.HttpServer.create(HttpServer.java:147)
	at org.jboss.as.domain.http.server.ManagementHttpServer.create(ManagementHttpServer.java:168)
	at org.jboss.as.server.mgmt.HttpManagementService.start(HttpManagementService.java:193) [jboss-as-server-7.5.0.Final-redhat-21.jar:7.5.0.Final-redhat-21]
	... 5 more

22:31:52,979 INFO  [org.jboss.as.connector.subsystems.datasources] (MSC service thread 1-4) JBAS010400: Bound data source [java:jboss/datasources/ExampleDS]
22:31:53,034 ERROR [org.jboss.as.controller.management-operation] (Controller Boot Thread) JBAS014612: Operation ("add") failed - address: ([
    ("core-service" => "management"),
    ("management-interface" => "http-interface")
]) - failure description: {"JBAS014671: Failed services" => {"jboss.serverManagement.controller.management.http" => "org.jboss.msc.service.StartException in service jboss.serverManagement.controller.management.http: Address already in use: bind /127.0.0.1:9990
    Caused by: java.net.BindException: Address already in use: bind"}}
22:31:53,107 INFO  [org.jboss.as.controller] (Controller Boot Thread) JBAS014774: Service status report
JBAS014777:   Services which failed to start:      service jboss.serverManagement.controller.management.http: org.jboss.msc.service.StartException in service jboss.serverManagement.controller.management.http: Address already in use: bind /127.0.0.1:9990

22:31:53,232 INFO  [org.jboss.as] (Controller Boot Thread) JBAS015964: Http management interface is not enabled
22:31:53,233 INFO  [org.jboss.as] (Controller Boot Thread) JBAS015954: Admin console is not enabled
22:31:53,234 ERROR [org.jboss.as] (Controller Boot Thread) JBAS015875: JBoss EAP 6.4.0.GA (AS 7.5.0.Final-redhat-21) started (with errors) in 8112ms - Started 151 of 191 services (2 services failed or missing dependencies, 57 services are lazy, passive or on-demand)
22:33:32,561 INFO  [org.jboss.as.connector.subsystems.datasources] (MSC service thread 1-5) JBAS010409: Unbound data source [java:jboss/datasources/ExampleDS]
22:33:32,579 INFO  [org.apache.coyote.http11.Http11Protocol] (MSC service thread 1-6) JBWEB003075: Coyote HTTP/1.1 pausing on: http-/127.0.0.1:8080
22:33:32,585 INFO  [org.apache.coyote.http11.Http11Protocol] (MSC service thread 1-6) JBWEB003077: Coyote HTTP/1.1 stopping on : http-/127.0.0.1:8080
22:33:32,647 INFO  [org.jboss.as] (MSC service thread 1-6) JBAS015950: JBoss EAP 6.4.0.GA (AS 7.5.0.Final-redhat-21) stopped in 117ms
22:39:34,175 INFO  [org.jboss.modules] (main) JBoss Modules version 1.3.6.Final-redhat-1
22:39:34,521 INFO  [org.jboss.msc] (main) JBoss MSC version 1.1.5.Final-redhat-1
22:39:34,633 INFO  [org.jboss.as] (MSC service thread 1-7) JBAS015899: JBoss EAP 6.4.0.GA (AS 7.5.0.Final-redhat-21) starting
22:39:34,643 DEBUG [org.jboss.as.config] (MSC service thread 1-7) Configured system properties:
	awt.toolkit = sun.awt.windows.WToolkit
	file.encoding = Cp1252
	file.encoding.pkg = sun.io
	file.separator = \
	java.awt.graphicsenv = sun.awt.Win32GraphicsEnvironment
	java.awt.printerjob = sun.awt.windows.WPrinterJob
	java.class.path = C:\Users\IBM_ADMIN\Downloads\jboss-eap-6.4.0\jboss-eap-6.4\jboss-modules.jar
	java.class.version = 52.0
	java.endorsed.dirs = C:\Program Files\Java\jre1.8.0_51\lib\endorsed
	java.ext.dirs = C:\Program Files\Java\jre1.8.0_51\lib\ext;C:\windows\Sun\Java\lib\ext
	java.home = C:\Program Files\Java\jre1.8.0_51
	java.io.tmpdir = C:\Users\IBM_AD~1\AppData\Local\Temp\
	java.library.path = C:\ProgramData\Oracle\Java\javapath;C:\windows\Sun\Java\bin;C:\windows\system32;C:\windows;C:\tools\ruby23\bin;C:\ProgramData\Oracle\Java\javapath;C:\Program Files (x86)\Common Files\NetSarang;C:\windows\system32;C:\windows;C:\windows\System32\Wbem;C:\windows\System32\WindowsPowerShell\v1.0\;C:\Program Files\IBM\Infoprint Select;C:\Program Files\ThinkPad\Bluetooth Software\;C:\Program Files\ThinkPad\Bluetooth Software\syswow64;C:\Program Files\Broadcom\WHL\;C:\Program Files\Broadcom\WHL\syswow64;C:\Program Files\Broadcom\WHL\SysWow64\;C:\Program Files\Broadcom\WHL\SysWow64\syswow64;C:\Program Files\Intel\WiFi\bin\;C:\Program Files\Common Files\Intel\WirelessCommon\;C:\Program Files (x86)\Lenovo\Access Connections\;C:\Program Files (x86)\Common Files\Roxio Shared\DLLShared\;C:\Program Files (x86)\Common Files\Roxio Shared\13.0\DLLShared\;C:\installation\Python32;C:\Program Files (x86)\IBM\Personal Communications\;C:\Program Files (x86)\IBM\Trace Facility\;C:\Program Files (x86)\Heroku\bin;C:\Program Files (x86)\git\cmd;C:\Program Files (x86)\Skype\Phone\;C:\ProgramData\chocolatey\bin;C:\HashiCorp\Vagrant\bin;C:\Program Files\Intel\WiFi\bin\;C:\Program Files\Common Files\Intel\WirelessCommon\;C:\Python23;C:\Python23\Lib\site-packages\;C:\installation\Python32\Scripts;;C:\installation\Docker Toolbox;.
	java.net.preferIPv4Stack = true
	java.runtime.name = Java(TM) SE Runtime Environment
	java.runtime.version = 1.8.0_51-b16
	java.specification.name = Java Platform API Specification
	java.specification.vendor = Oracle Corporation
	java.specification.version = 1.8
	java.util.logging.manager = org.jboss.logmanager.LogManager
	java.vendor = Oracle Corporation
	java.vendor.url = http://java.oracle.com/
	java.vendor.url.bug = http://bugreport.sun.com/bugreport/
	java.version = 1.8.0_51
	java.vm.info = mixed mode
	java.vm.name = Java HotSpot(TM) 64-Bit Server VM
	java.vm.specification.name = Java Virtual Machine Specification
	java.vm.specification.vendor = Oracle Corporation
	java.vm.specification.version = 1.8
	java.vm.vendor = Oracle Corporation
	java.vm.version = 25.51-b03
	javax.management.builder.initial = org.jboss.as.jmx.PluggableMBeanServerBuilder
	javax.xml.datatype.DatatypeFactory = __redirected.__DatatypeFactory
	javax.xml.parsers.DocumentBuilderFactory = __redirected.__DocumentBuilderFactory
	javax.xml.parsers.SAXParserFactory = __redirected.__SAXParserFactory
	javax.xml.stream.XMLEventFactory = __redirected.__XMLEventFactory
	javax.xml.stream.XMLInputFactory = __redirected.__XMLInputFactory
	javax.xml.stream.XMLOutputFactory = __redirected.__XMLOutputFactory
	javax.xml.transform.TransformerFactory = __redirected.__TransformerFactory
	javax.xml.validation.SchemaFactory:http://www.w3.org/2001/XMLSchema = __redirected.__SchemaFactory
	javax.xml.xpath.XPathFactory:http://java.sun.com/jaxp/xpath/dom = __redirected.__XPathFactory
	jboss.home.dir = C:\Users\IBM_ADMIN\Downloads\jboss-eap-6.4.0\jboss-eap-6.4
	jboss.host.name = ibm-pbm408z
	jboss.modules.dir = C:\Users\IBM_ADMIN\Downloads\jboss-eap-6.4.0\jboss-eap-6.4\modules
	jboss.modules.policy-permissions = true
	jboss.modules.system.pkgs = org.jboss.byteman
	jboss.node.name = ibm-pbm408z
	jboss.qualified.host.name = ibm-pbm408z
	jboss.server.base.dir = C:\Users\IBM_ADMIN\Downloads\jboss-eap-6.4.0\jboss-eap-6.4\standalone
	jboss.server.config.dir = C:\Users\IBM_ADMIN\Downloads\jboss-eap-6.4.0\jboss-eap-6.4\standalone\configuration
	jboss.server.data.dir = C:\Users\IBM_ADMIN\Downloads\jboss-eap-6.4.0\jboss-eap-6.4\standalone\data
	jboss.server.deploy.dir = C:\Users\IBM_ADMIN\Downloads\jboss-eap-6.4.0\jboss-eap-6.4\standalone\data\content
	jboss.server.log.dir = C:\Users\IBM_ADMIN\Downloads\jboss-eap-6.4.0\jboss-eap-6.4\standalone\log
	jboss.server.name = ibm-pbm408z
	jboss.server.persist.config = true
	jboss.server.temp.dir = C:\Users\IBM_ADMIN\Downloads\jboss-eap-6.4.0\jboss-eap-6.4\standalone\tmp
	line.separator = 

	logging.configuration = file:C:\Users\IBM_ADMIN\Downloads\jboss-eap-6.4.0\jboss-eap-6.4\standalone\configuration/logging.properties
	module.path = C:\Users\IBM_ADMIN\Downloads\jboss-eap-6.4.0\jboss-eap-6.4\modules
	org.jboss.boot.log.file = C:\Users\IBM_ADMIN\Downloads\jboss-eap-6.4.0\jboss-eap-6.4\standalone\log\server.log
	org.jboss.resolver.warning = true
	org.xml.sax.driver = __redirected.__XMLReaderFactory
	os.arch = amd64
	os.name = Windows 7
	os.version = 6.1
	path.separator = ;
	program.name = standalone.bat
	sun.arch.data.model = 64
	sun.boot.class.path = C:\Program Files\Java\jre1.8.0_51\lib\resources.jar;C:\Program Files\Java\jre1.8.0_51\lib\rt.jar;C:\Program Files\Java\jre1.8.0_51\lib\sunrsasign.jar;C:\Program Files\Java\jre1.8.0_51\lib\jsse.jar;C:\Program Files\Java\jre1.8.0_51\lib\jce.jar;C:\Program Files\Java\jre1.8.0_51\lib\charsets.jar;C:\Program Files\Java\jre1.8.0_51\lib\jfr.jar;C:\Program Files\Java\jre1.8.0_51\classes
	sun.boot.library.path = C:\Program Files\Java\jre1.8.0_51\bin
	sun.cpu.endian = little
	sun.cpu.isalist = amd64
	sun.desktop = windows
	sun.io.unicode.encoding = UnicodeLittle
	sun.java.command = C:\Users\IBM_ADMIN\Downloads\jboss-eap-6.4.0\jboss-eap-6.4\jboss-modules.jar -mp C:\Users\IBM_ADMIN\Downloads\jboss-eap-6.4.0\jboss-eap-6.4\modules -jaxpmodule javax.xml.jaxp-provider org.jboss.as.standalone -Djboss.home.dir=C:\Users\IBM_ADMIN\Downloads\jboss-eap-6.4.0\jboss-eap-6.4
	sun.java.launcher = SUN_STANDARD
	sun.jnu.encoding = Cp1252
	sun.management.compiler = HotSpot 64-Bit Tiered Compilers
	sun.os.patch.level = Service Pack 1
	sun.stderr.encoding = cp437
	sun.stdout.encoding = cp437
	user.country = US
	user.dir = C:\Users\IBM_ADMIN\Downloads\jboss-eap-6.4.0\jboss-eap-6.4\bin
	user.home = C:\Users\IBM_ADMIN
	user.language = en
	user.name = pratap_ibm
	user.script = 
	user.timezone = Asia/Singapore
	user.variant = 
22:39:34,645 DEBUG [org.jboss.as.config] (MSC service thread 1-7) VM Arguments: -Xloggc:C:\Users\IBM_ADMIN\Downloads\jboss-eap-6.4.0\jboss-eap-6.4\standalone\log\gc.log -verbose:gc -XX:+PrintGCDetails -XX:+PrintGCDateStamps -XX:+UseGCLogFileRotation -XX:NumberOfGCLogFiles=5 -XX:GCLogFileSize=3M -XX:-TraceClassUnloading -XX:+UseCompressedOops -Dprogram.name=standalone.bat -Xms1G -Xmx1G -XX:MaxPermSize=256M -Djava.net.preferIPv4Stack=true -Djboss.modules.policy-permissions=true -Djboss.modules.system.pkgs=org.jboss.byteman -Dorg.jboss.boot.log.file=C:\Users\IBM_ADMIN\Downloads\jboss-eap-6.4.0\jboss-eap-6.4\standalone\log\server.log -Dlogging.configuration=file:C:\Users\IBM_ADMIN\Downloads\jboss-eap-6.4.0\jboss-eap-6.4\standalone\configuration/logging.properties 
22:39:38,696 INFO  [org.xnio] (MSC service thread 1-4) XNIO Version 3.0.13.GA-redhat-1
22:39:38,701 INFO  [org.jboss.as.server] (Controller Boot Thread) JBAS015888: Creating http management service using socket-binding (management-http)
22:39:38,713 INFO  [org.xnio.nio] (MSC service thread 1-4) XNIO NIO Implementation Version 3.0.13.GA-redhat-1
22:39:38,889 INFO  [org.jboss.remoting] (MSC service thread 1-4) JBoss Remoting version 3.3.4.Final-redhat-1
22:39:39,006 INFO  [org.jboss.as.security] (ServerService Thread Pool -- 44) JBAS013371: Activating Security Subsystem
22:39:39,017 INFO  [org.jboss.as.naming] (ServerService Thread Pool -- 39) JBAS011800: Activating Naming Subsystem
22:39:39,009 WARN  [org.jboss.as.txn] (ServerService Thread Pool -- 46) JBAS010153: Node identifier property is set to the default value. Please make sure it is unique.
22:39:39,048 INFO  [org.jboss.as.clustering.infinispan] (ServerService Thread Pool -- 31) JBAS010280: Activating Infinispan subsystem.
22:39:39,083 INFO  [org.jboss.as.webservices] (ServerService Thread Pool -- 48) JBAS015537: Activating WebServices Extension
22:39:39,102 INFO  [org.jboss.as.security] (MSC service thread 1-7) JBAS013370: Current PicketBox version=4.1.1.Final-redhat-1
22:39:39,226 INFO  [org.jboss.as.mail.extension] (MSC service thread 1-1) JBAS015400: Bound mail session [java:jboss/mail/Default]
22:39:39,234 INFO  [org.jboss.as.naming] (MSC service thread 1-4) JBAS011802: Starting Naming Service
22:39:39,251 INFO  [org.jboss.as.connector.logging] (MSC service thread 1-1) JBAS010408: Starting JCA Subsystem (IronJacamar 1.0.31.Final-redhat-1)
22:39:39,288 INFO  [org.jboss.as.jsf] (ServerService Thread Pool -- 37) JBAS012615: Activated the following JSF Implementations: [main, 1.2]
22:39:39,559 INFO  [org.jboss.as.connector.subsystems.datasources] (ServerService Thread Pool -- 17) JBAS010403: Deploying JDBC-compliant driver class org.h2.Driver (version 1.3)
22:39:40,468 INFO  [org.jboss.as.server.deployment.scanner] (MSC service thread 1-6) JBAS015012: Started FileSystemDeploymentService for directory C:\Users\IBM_ADMIN\Downloads\jboss-eap-6.4.0\jboss-eap-6.4\standalone\deployments
22:39:40,628 INFO  [org.jboss.ws.common.management] (MSC service thread 1-4) JBWS022052: Starting JBoss Web Services - Stack CXF Server 4.3.4.Final-redhat-1
22:39:40,897 INFO  [org.jboss.as.remoting] (MSC service thread 1-7) JBAS017100: Listening on 127.0.0.1:4447
22:39:40,900 INFO  [org.apache.coyote.http11.Http11Protocol] (MSC service thread 1-5) JBWEB003001: Coyote HTTP/1.1 initializing on : http-/127.0.0.1:8080
22:39:40,907 INFO  [org.apache.coyote.http11.Http11Protocol] (MSC service thread 1-5) JBWEB003000: Coyote HTTP/1.1 starting on: http-/127.0.0.1:8080
22:39:41,073 INFO  [org.jboss.as.connector.subsystems.datasources] (MSC service thread 1-4) JBAS010400: Bound data source [java:jboss/datasources/ExampleDS]
22:39:41,214 INFO  [org.jboss.as.remoting] (MSC service thread 1-4) JBAS017100: Listening on 127.0.0.1:9999
22:39:41,234 ERROR [org.jboss.msc.service.fail] (MSC service thread 1-8) MSC000001: Failed to start service jboss.serverManagement.controller.management.http: org.jboss.msc.service.StartException in service jboss.serverManagement.controller.management.http: Address already in use: bind /127.0.0.1:9990
	at org.jboss.as.server.mgmt.HttpManagementService.start(HttpManagementService.java:227) [jboss-as-server-7.5.0.Final-redhat-21.jar:7.5.0.Final-redhat-21]
	at org.jboss.msc.service.ServiceControllerImpl$StartTask.startService(ServiceControllerImpl.java:1980) [jboss-msc-1.1.5.Final-redhat-1.jar:1.1.5.Final-redhat-1]
	at org.jboss.msc.service.ServiceControllerImpl$StartTask.run(ServiceControllerImpl.java:1913) [jboss-msc-1.1.5.Final-redhat-1.jar:1.1.5.Final-redhat-1]
	at java.util.concurrent.ThreadPoolExecutor.runWorker(Unknown Source) [rt.jar:1.8.0_51]
	at java.util.concurrent.ThreadPoolExecutor$Worker.run(Unknown Source) [rt.jar:1.8.0_51]
	at java.lang.Thread.run(Unknown Source) [rt.jar:1.8.0_51]
Caused by: java.net.BindException: Address already in use: bind
	at sun.nio.ch.Net.bind0(Native Method) [rt.jar:1.8.0_51]
	at sun.nio.ch.Net.bind(Unknown Source) [rt.jar:1.8.0_51]
	at sun.nio.ch.Net.bind(Unknown Source) [rt.jar:1.8.0_51]
	at sun.nio.ch.ServerSocketChannelImpl.bind(Unknown Source) [rt.jar:1.8.0_51]
	at sun.nio.ch.ServerSocketAdaptor.bind(Unknown Source) [rt.jar:1.8.0_51]
	at org.jboss.sun.net.httpserver.ServerImpl.<init>(ServerImpl.java:144)
	at org.jboss.sun.net.httpserver.HttpServerImpl.<init>(HttpServerImpl.java:54)
	at org.jboss.sun.net.httpserver.DefaultHttpServerProvider.createHttpServer(DefaultHttpServerProvider.java:38)
	at org.jboss.com.sun.net.httpserver.HttpServer.create(HttpServer.java:147)
	at org.jboss.as.domain.http.server.ManagementHttpServer.create(ManagementHttpServer.java:168)
	at org.jboss.as.server.mgmt.HttpManagementService.start(HttpManagementService.java:193) [jboss-as-server-7.5.0.Final-redhat-21.jar:7.5.0.Final-redhat-21]
	... 5 more

22:39:41,292 ERROR [org.jboss.as.controller.management-operation] (Controller Boot Thread) JBAS014612: Operation ("add") failed - address: ([
    ("core-service" => "management"),
    ("management-interface" => "http-interface")
]) - failure description: {"JBAS014671: Failed services" => {"jboss.serverManagement.controller.management.http" => "org.jboss.msc.service.StartException in service jboss.serverManagement.controller.management.http: Address already in use: bind /127.0.0.1:9990
    Caused by: java.net.BindException: Address already in use: bind"}}
22:39:41,362 INFO  [org.jboss.as.controller] (Controller Boot Thread) JBAS014774: Service status report
JBAS014777:   Services which failed to start:      service jboss.serverManagement.controller.management.http: org.jboss.msc.service.StartException in service jboss.serverManagement.controller.management.http: Address already in use: bind /127.0.0.1:9990

22:39:41,381 INFO  [org.jboss.as] (Controller Boot Thread) JBAS015964: Http management interface is not enabled
22:39:41,381 INFO  [org.jboss.as] (Controller Boot Thread) JBAS015954: Admin console is not enabled
22:39:41,382 ERROR [org.jboss.as] (Controller Boot Thread) JBAS015875: JBoss EAP 6.4.0.GA (AS 7.5.0.Final-redhat-21) started (with errors) in 7767ms - Started 151 of 191 services (2 services failed or missing dependencies, 57 services are lazy, passive or on-demand)
22:41:49,550 INFO  [org.jboss.as.connector.subsystems.datasources] (MSC service thread 1-5) JBAS010409: Unbound data source [java:jboss/datasources/ExampleDS]
22:41:49,574 INFO  [org.apache.coyote.http11.Http11Protocol] (MSC service thread 1-7) JBWEB003075: Coyote HTTP/1.1 pausing on: http-/127.0.0.1:8080
22:41:49,575 INFO  [org.apache.coyote.http11.Http11Protocol] (MSC service thread 1-7) JBWEB003077: Coyote HTTP/1.1 stopping on : http-/127.0.0.1:8080
22:41:49,599 INFO  [org.jboss.as] (MSC service thread 1-8) JBAS015950: JBoss EAP 6.4.0.GA (AS 7.5.0.Final-redhat-21) stopped in 66ms
22:51:15,127 INFO  [org.jboss.modules] (main) JBoss Modules version 1.3.6.Final-redhat-1
22:51:15,658 INFO  [org.jboss.msc] (main) JBoss MSC version 1.1.5.Final-redhat-1
22:51:15,757 INFO  [org.jboss.as] (MSC service thread 1-8) JBAS015899: JBoss EAP 6.4.0.GA (AS 7.5.0.Final-redhat-21) starting
22:51:15,767 DEBUG [org.jboss.as.config] (MSC service thread 1-8) Configured system properties:
	awt.toolkit = sun.awt.windows.WToolkit
	file.encoding = Cp1252
	file.encoding.pkg = sun.io
	file.separator = \
	java.awt.graphicsenv = sun.awt.Win32GraphicsEnvironment
	java.awt.printerjob = sun.awt.windows.WPrinterJob
	java.class.path = C:\Users\IBM_ADMIN\Downloads\jboss-eap-6.4.0\jboss-eap-6.4\jboss-modules.jar
	java.class.version = 52.0
	java.endorsed.dirs = C:\Program Files\Java\jre1.8.0_51\lib\endorsed
	java.ext.dirs = C:\Program Files\Java\jre1.8.0_51\lib\ext;C:\windows\Sun\Java\lib\ext
	java.home = C:\Program Files\Java\jre1.8.0_51
	java.io.tmpdir = C:\Users\IBM_AD~1\AppData\Local\Temp\
	java.library.path = C:\ProgramData\Oracle\Java\javapath;C:\windows\Sun\Java\bin;C:\windows\system32;C:\windows;C:\tools\ruby23\bin;C:\ProgramData\Oracle\Java\javapath;C:\Program Files (x86)\Common Files\NetSarang;C:\windows\system32;C:\windows;C:\windows\System32\Wbem;C:\windows\System32\WindowsPowerShell\v1.0\;C:\Program Files\IBM\Infoprint Select;C:\Program Files\ThinkPad\Bluetooth Software\;C:\Program Files\ThinkPad\Bluetooth Software\syswow64;C:\Program Files\Broadcom\WHL\;C:\Program Files\Broadcom\WHL\syswow64;C:\Program Files\Broadcom\WHL\SysWow64\;C:\Program Files\Broadcom\WHL\SysWow64\syswow64;C:\Program Files\Intel\WiFi\bin\;C:\Program Files\Common Files\Intel\WirelessCommon\;C:\Program Files (x86)\Lenovo\Access Connections\;C:\Program Files (x86)\Common Files\Roxio Shared\DLLShared\;C:\Program Files (x86)\Common Files\Roxio Shared\13.0\DLLShared\;C:\installation\Python32;C:\Program Files (x86)\IBM\Personal Communications\;C:\Program Files (x86)\IBM\Trace Facility\;C:\Program Files (x86)\Heroku\bin;C:\Program Files (x86)\git\cmd;C:\Program Files (x86)\Skype\Phone\;C:\ProgramData\chocolatey\bin;C:\HashiCorp\Vagrant\bin;C:\Program Files\Intel\WiFi\bin\;C:\Program Files\Common Files\Intel\WirelessCommon\;C:\Python23;C:\Python23\Lib\site-packages\;C:\installation\Python32\Scripts;;C:\installation\Docker Toolbox;.
	java.net.preferIPv4Stack = true
	java.runtime.name = Java(TM) SE Runtime Environment
	java.runtime.version = 1.8.0_51-b16
	java.specification.name = Java Platform API Specification
	java.specification.vendor = Oracle Corporation
	java.specification.version = 1.8
	java.util.logging.manager = org.jboss.logmanager.LogManager
	java.vendor = Oracle Corporation
	java.vendor.url = http://java.oracle.com/
	java.vendor.url.bug = http://bugreport.sun.com/bugreport/
	java.version = 1.8.0_51
	java.vm.info = mixed mode
	java.vm.name = Java HotSpot(TM) 64-Bit Server VM
	java.vm.specification.name = Java Virtual Machine Specification
	java.vm.specification.vendor = Oracle Corporation
	java.vm.specification.version = 1.8
	java.vm.vendor = Oracle Corporation
	java.vm.version = 25.51-b03
	javax.management.builder.initial = org.jboss.as.jmx.PluggableMBeanServerBuilder
	javax.xml.datatype.DatatypeFactory = __redirected.__DatatypeFactory
	javax.xml.parsers.DocumentBuilderFactory = __redirected.__DocumentBuilderFactory
	javax.xml.parsers.SAXParserFactory = __redirected.__SAXParserFactory
	javax.xml.stream.XMLEventFactory = __redirected.__XMLEventFactory
	javax.xml.stream.XMLInputFactory = __redirected.__XMLInputFactory
	javax.xml.stream.XMLOutputFactory = __redirected.__XMLOutputFactory
	javax.xml.transform.TransformerFactory = __redirected.__TransformerFactory
	javax.xml.validation.SchemaFactory:http://www.w3.org/2001/XMLSchema = __redirected.__SchemaFactory
	javax.xml.xpath.XPathFactory:http://java.sun.com/jaxp/xpath/dom = __redirected.__XPathFactory
	jboss.home.dir = C:\Users\IBM_ADMIN\Downloads\jboss-eap-6.4.0\jboss-eap-6.4
	jboss.host.name = ibm-pbm408z
	jboss.modules.dir = C:\Users\IBM_ADMIN\Downloads\jboss-eap-6.4.0\jboss-eap-6.4\modules
	jboss.modules.policy-permissions = true
	jboss.modules.system.pkgs = org.jboss.byteman
	jboss.node.name = ibm-pbm408z
	jboss.qualified.host.name = ibm-pbm408z
	jboss.server.base.dir = C:\Users\IBM_ADMIN\Downloads\jboss-eap-6.4.0\jboss-eap-6.4\standalone
	jboss.server.config.dir = C:\Users\IBM_ADMIN\Downloads\jboss-eap-6.4.0\jboss-eap-6.4\standalone\configuration
	jboss.server.data.dir = C:\Users\IBM_ADMIN\Downloads\jboss-eap-6.4.0\jboss-eap-6.4\standalone\data
	jboss.server.deploy.dir = C:\Users\IBM_ADMIN\Downloads\jboss-eap-6.4.0\jboss-eap-6.4\standalone\data\content
	jboss.server.log.dir = C:\Users\IBM_ADMIN\Downloads\jboss-eap-6.4.0\jboss-eap-6.4\standalone\log
	jboss.server.name = ibm-pbm408z
	jboss.server.persist.config = true
	jboss.server.temp.dir = C:\Users\IBM_ADMIN\Downloads\jboss-eap-6.4.0\jboss-eap-6.4\standalone\tmp
	line.separator = 

	logging.configuration = file:C:\Users\IBM_ADMIN\Downloads\jboss-eap-6.4.0\jboss-eap-6.4\standalone\configuration/logging.properties
	module.path = C:\Users\IBM_ADMIN\Downloads\jboss-eap-6.4.0\jboss-eap-6.4\modules
	org.jboss.boot.log.file = C:\Users\IBM_ADMIN\Downloads\jboss-eap-6.4.0\jboss-eap-6.4\standalone\log\server.log
	org.jboss.resolver.warning = true
	org.xml.sax.driver = __redirected.__XMLReaderFactory
	os.arch = amd64
	os.name = Windows 7
	os.version = 6.1
	path.separator = ;
	program.name = standalone.bat
	sun.arch.data.model = 64
	sun.boot.class.path = C:\Program Files\Java\jre1.8.0_51\lib\resources.jar;C:\Program Files\Java\jre1.8.0_51\lib\rt.jar;C:\Program Files\Java\jre1.8.0_51\lib\sunrsasign.jar;C:\Program Files\Java\jre1.8.0_51\lib\jsse.jar;C:\Program Files\Java\jre1.8.0_51\lib\jce.jar;C:\Program Files\Java\jre1.8.0_51\lib\charsets.jar;C:\Program Files\Java\jre1.8.0_51\lib\jfr.jar;C:\Program Files\Java\jre1.8.0_51\classes
	sun.boot.library.path = C:\Program Files\Java\jre1.8.0_51\bin
	sun.cpu.endian = little
	sun.cpu.isalist = amd64
	sun.desktop = windows
	sun.io.unicode.encoding = UnicodeLittle
	sun.java.command = C:\Users\IBM_ADMIN\Downloads\jboss-eap-6.4.0\jboss-eap-6.4\jboss-modules.jar -mp C:\Users\IBM_ADMIN\Downloads\jboss-eap-6.4.0\jboss-eap-6.4\modules -jaxpmodule javax.xml.jaxp-provider org.jboss.as.standalone -Djboss.home.dir=C:\Users\IBM_ADMIN\Downloads\jboss-eap-6.4.0\jboss-eap-6.4
	sun.java.launcher = SUN_STANDARD
	sun.jnu.encoding = Cp1252
	sun.management.compiler = HotSpot 64-Bit Tiered Compilers
	sun.os.patch.level = Service Pack 1
	sun.stderr.encoding = cp437
	sun.stdout.encoding = cp437
	user.country = US
	user.dir = C:\Users\IBM_ADMIN\Downloads\jboss-eap-6.4.0\jboss-eap-6.4\bin
	user.home = C:\Users\IBM_ADMIN
	user.language = en
	user.name = pratap_ibm
	user.script = 
	user.timezone = Asia/Singapore
	user.variant = 
22:51:15,768 DEBUG [org.jboss.as.config] (MSC service thread 1-8) VM Arguments: -Xloggc:C:\Users\IBM_ADMIN\Downloads\jboss-eap-6.4.0\jboss-eap-6.4\standalone\log\gc.log -verbose:gc -XX:+PrintGCDetails -XX:+PrintGCDateStamps -XX:+UseGCLogFileRotation -XX:NumberOfGCLogFiles=5 -XX:GCLogFileSize=3M -XX:-TraceClassUnloading -XX:+UseCompressedOops -Dprogram.name=standalone.bat -Xms1G -Xmx1G -XX:MaxPermSize=256M -Djava.net.preferIPv4Stack=true -Djboss.modules.policy-permissions=true -Djboss.modules.system.pkgs=org.jboss.byteman -Dorg.jboss.boot.log.file=C:\Users\IBM_ADMIN\Downloads\jboss-eap-6.4.0\jboss-eap-6.4\standalone\log\server.log -Dlogging.configuration=file:C:\Users\IBM_ADMIN\Downloads\jboss-eap-6.4.0\jboss-eap-6.4\standalone\configuration/logging.properties 
22:51:19,184 INFO  [org.jboss.as.server] (Controller Boot Thread) JBAS015888: Creating http management service using socket-binding (management-http)
22:51:19,204 INFO  [org.xnio] (MSC service thread 1-3) XNIO Version 3.0.13.GA-redhat-1
22:51:19,221 INFO  [org.xnio.nio] (MSC service thread 1-3) XNIO NIO Implementation Version 3.0.13.GA-redhat-1
22:51:19,380 INFO  [org.jboss.as.webservices] (ServerService Thread Pool -- 48) JBAS015537: Activating WebServices Extension
22:51:19,433 INFO  [org.jboss.as.naming] (ServerService Thread Pool -- 39) JBAS011800: Activating Naming Subsystem
22:51:19,438 INFO  [org.jboss.as.clustering.infinispan] (ServerService Thread Pool -- 31) JBAS010280: Activating Infinispan subsystem.
22:51:19,376 WARN  [org.jboss.as.txn] (ServerService Thread Pool -- 46) JBAS010153: Node identifier property is set to the default value. Please make sure it is unique.
22:51:19,483 INFO  [org.jboss.as.jsf] (ServerService Thread Pool -- 37) JBAS012615: Activated the following JSF Implementations: [main, 1.2]
22:51:19,397 INFO  [org.jboss.as.security] (ServerService Thread Pool -- 44) JBAS013371: Activating Security Subsystem
22:51:19,677 INFO  [org.jboss.as.naming] (MSC service thread 1-5) JBAS011802: Starting Naming Service
22:51:19,709 INFO  [org.jboss.remoting] (MSC service thread 1-3) JBoss Remoting version 3.3.4.Final-redhat-1
22:51:19,765 INFO  [org.jboss.as.security] (MSC service thread 1-1) JBAS013370: Current PicketBox version=4.1.1.Final-redhat-1
22:51:19,798 INFO  [org.jboss.as.mail.extension] (MSC service thread 1-4) JBAS015400: Bound mail session [java:jboss/mail/Default]
22:51:19,844 INFO  [org.jboss.as.connector.logging] (MSC service thread 1-5) JBAS010408: Starting JCA Subsystem (IronJacamar 1.0.31.Final-redhat-1)
22:51:20,235 INFO  [org.jboss.as.connector.subsystems.datasources] (ServerService Thread Pool -- 27) JBAS010403: Deploying JDBC-compliant driver class org.h2.Driver (version 1.3)
22:51:20,976 INFO  [org.jboss.as.server.deployment.scanner] (MSC service thread 1-4) JBAS015012: Started FileSystemDeploymentService for directory C:\Users\IBM_ADMIN\Downloads\jboss-eap-6.4.0\jboss-eap-6.4\standalone\deployments
22:51:21,259 INFO  [org.jboss.ws.common.management] (MSC service thread 1-6) JBWS022052: Starting JBoss Web Services - Stack CXF Server 4.3.4.Final-redhat-1
22:51:21,698 INFO  [org.jboss.as.remoting] (MSC service thread 1-5) JBAS017100: Listening on 192.168.0.104:9999
22:51:21,699 INFO  [org.jboss.as.remoting] (MSC service thread 1-4) JBAS017100: Listening on 192.168.0.104:4447
22:51:21,721 INFO  [org.apache.coyote.http11.Http11Protocol] (MSC service thread 1-6) JBWEB003001: Coyote HTTP/1.1 initializing on : http-IBM-PBM408Z/192.168.0.104:8080
22:51:21,730 INFO  [org.apache.coyote.http11.Http11Protocol] (MSC service thread 1-6) JBWEB003000: Coyote HTTP/1.1 starting on: http-IBM-PBM408Z/192.168.0.104:8080
22:51:21,907 INFO  [org.jboss.as.connector.subsystems.datasources] (MSC service thread 1-3) JBAS010400: Bound data source [java:jboss/datasources/ExampleDS]
22:51:22,250 INFO  [org.jboss.as] (Controller Boot Thread) JBAS015961: Http management interface listening on http://192.168.0.104:9990/management
22:51:22,250 INFO  [org.jboss.as] (Controller Boot Thread) JBAS015951: Admin console listening on http://192.168.0.104:9990
22:51:22,251 INFO  [org.jboss.as] (Controller Boot Thread) JBAS015874: JBoss EAP 6.4.0.GA (AS 7.5.0.Final-redhat-21) started in 8141ms - Started 153 of 191 services (57 services are lazy, passive or on-demand)
